::1 - - [01/Aug/2021:17:04:58 +0000] "POST /api/login HTTP/1.1" 200 824 "-" "PostmanRuntime/7.28.2"
::1 - - [01/Aug/2021:17:05:53 +0000] "POST /api/login?value=%3Cscript%3Ealert(%27hello%27);%3C/script%3E HTTP/1.1" 200 824 "-" "PostmanRuntime/7.28.2"
::1 - - [01/Aug/2021:17:09:40 +0000] "POST /api/login?value=%3Cscript%3Ealert(%27hello%27);%3C/script%3E HTTP/1.1" 200 824 "-" "PostmanRuntime/7.28.2"
::1 - - [01/Aug/2021:17:16:59 +0000] "GET / HTTP/1.1" 200 13 "-" "Mozilla/5.0 (Windows NT 10.0; Win64; x64) AppleWebKit/537.36 (KHTML, like Gecko) Chrome/92.0.4515.107 Safari/537.36"
::1 - - [01/Aug/2021:17:16:59 +0000] "GET /favicon.ico HTTP/1.1" 404 95 "-" "Mozilla/5.0 (Windows NT 10.0; Win64; x64) AppleWebKit/537.36 (KHTML, like Gecko) Chrome/92.0.4515.107 Safari/537.36"
::1 - - [01/Aug/2021:17:17:09 +0000] "GET /api/login HTTP/1.1" 404 95 "-" "Mozilla/5.0 (Windows NT 10.0; Win64; x64) AppleWebKit/537.36 (KHTML, like Gecko) Chrome/92.0.4515.107 Safari/537.36"
::1 - - [01/Aug/2021:18:08:42 +0000] "POST /api/login HTTP/1.1" - - "-" "PostmanRuntime/7.28.2"
::1 - - [01/Aug/2021:18:08:43 +0000] "POST /api/login HTTP/1.1" 200 824 "-" "PostmanRuntime/7.28.2"
::1 - - [01/Aug/2021:18:08:48 +0000] "POST /api/login HTTP/1.1" 400 45 "-" "PostmanRuntime/7.28.2"
::1 - - [01/Aug/2021:18:18:35 +0000] "PUT /api/user/3 HTTP/1.1" 200 441 "-" "PostmanRuntime/7.28.2"
::1 - - [01/Aug/2021:18:18:49 +0000] "PUT /api/user/3 HTTP/1.1" 401 111 "-" "PostmanRuntime/7.28.2"
::1 - - [01/Aug/2021:18:18:52 +0000] "PUT /api/user/3 HTTP/1.1" 401 141 "-" "PostmanRuntime/7.28.2"
::1 - - [01/Aug/2021:18:18:59 +0000] "POST /api/login HTTP/1.1" 200 824 "-" "PostmanRuntime/7.28.2"
::1 - - [01/Aug/2021:18:19:18 +0000] "PUT /api/user/3 HTTP/1.1" 200 441 "-" "PostmanRuntime/7.28.2"
::1 - - [01/Aug/2021:18:19:38 +0000] "PUT /api/user/3 HTTP/1.1" 200 442 "-" "PostmanRuntime/7.28.2"
::1 - - [01/Aug/2021:18:20:35 +0000] "PUT /api/user/3 HTTP/1.1" 401 120 "-" "PostmanRuntime/7.28.2"
::1 - - [01/Aug/2021:18:20:41 +0000] "PUT /api/user/3 HTTP/1.1" 200 441 "-" "PostmanRuntime/7.28.2"
::1 - - [01/Aug/2021:18:23:56 +0000] "POST /api/register HTTP/1.1" 401 88 "-" "PostmanRuntime/7.28.2"
::1 - - [01/Aug/2021:18:24:07 +0000] "POST /api/register HTTP/1.1" 500 1432 "-" "PostmanRuntime/7.28.2"
::1 - - [01/Aug/2021:18:24:10 +0000] "POST /api/register HTTP/1.1" 500 1432 "-" "PostmanRuntime/7.28.2"
::1 - - [01/Aug/2021:18:24:52 +0000] "POST /api/register HTTP/1.1" 400 71 "-" "PostmanRuntime/7.28.2"
::1 - - [01/Aug/2021:18:25:06 +0000] "POST /api/register HTTP/1.1" 400 71 "-" "PostmanRuntime/7.28.2"
::1 - - [01/Aug/2021:18:25:10 +0000] "POST /api/register HTTP/1.1" 201 520 "-" "PostmanRuntime/7.28.2"
